{"/Users/sunmuchao/Downloads/Her/frontend/her-app/lib/verification/flow-state.ts": {"path":"/Users/sunmuchao/Downloads/Her/frontend/her-app/lib/verification/flow-state.ts","all":false,"statementMap":{"12":{"start":{"line":13,"column":0},"end":{"line":13,"column":60}},"14":{"start":{"line":15,"column":0},"end":{"line":15,"column":60}},"33":{"start":{"line":34,"column":0},"end":{"line":34,"column":48}},"38":{"start":{"line":39,"column":0},"end":{"line":39,"column":57}},"39":{"start":{"line":40,"column":0},"end":{"line":40,"column":38}},"40":{"start":{"line":41,"column":0},"end":{"line":41,"column":13}},"41":{"start":{"line":42,"column":0},"end":{"line":42,"column":3}},"42":{"start":{"line":43,"column":0},"end":{"line":43,"column":65}},"43":{"start":{"line":44,"column":0},"end":{"line":44,"column":13}},"44":{"start":{"line":45,"column":0},"end":{"line":45,"column":13}},"45":{"start":{"line":46,"column":0},"end":{"line":46,"column":3}},"46":{"start":{"line":47,"column":0},"end":{"line":47,"column":7}},"47":{"start":{"line":48,"column":0},"end":{"line":48,"column":58}},"49":{"start":{"line":50,"column":0},"end":{"line":50,"column":86}},"50":{"start":{"line":51,"column":0},"end":{"line":51,"column":30}},"51":{"start":{"line":52,"column":0},"end":{"line":52,"column":15}},"52":{"start":{"line":53,"column":0},"end":{"line":53,"column":5}},"53":{"start":{"line":54,"column":0},"end":{"line":54,"column":16}},"54":{"start":{"line":55,"column":0},"end":{"line":55,"column":11}},"55":{"start":{"line":56,"column":0},"end":{"line":56,"column":28}},"56":{"start":{"line":57,"column":0},"end":{"line":57,"column":13}},"57":{"start":{"line":58,"column":0},"end":{"line":58,"column":3}},"58":{"start":{"line":59,"column":0},"end":{"line":59,"column":1}},"63":{"start":{"line":64,"column":0},"end":{"line":64,"column":63}},"64":{"start":{"line":65,"column":0},"end":{"line":65,"column":43}},"65":{"start":{"line":66,"column":0},"end":{"line":66,"column":76}},"66":{"start":{"line":67,"column":0},"end":{"line":67,"column":1}},"73":{"start":{"line":74,"column":0},"end":{"line":74,"column":86}},"74":{"start":{"line":75,"column":0},"end":{"line":75,"column":34}},"75":{"start":{"line":76,"column":0},"end":{"line":76,"column":28}},"77":{"start":{"line":78,"column":0},"end":{"line":78,"column":40}},"78":{"start":{"line":79,"column":0},"end":{"line":79,"column":31}},"79":{"start":{"line":80,"column":0},"end":{"line":80,"column":25}},"80":{"start":{"line":81,"column":0},"end":{"line":81,"column":19}},"81":{"start":{"line":82,"column":0},"end":{"line":82,"column":26}},"82":{"start":{"line":83,"column":0},"end":{"line":83,"column":3}},"84":{"start":{"line":85,"column":0},"end":{"line":85,"column":31}},"85":{"start":{"line":86,"column":0},"end":{"line":86,"column":14}},"86":{"start":{"line":87,"column":0},"end":{"line":87,"column":1}},"94":{"start":{"line":95,"column":0},"end":{"line":95,"column":58}},"95":{"start":{"line":96,"column":0},"end":{"line":96,"column":39}},"98":{"start":{"line":99,"column":0},"end":{"line":99,"column":44}},"99":{"start":{"line":100,"column":0},"end":{"line":100,"column":32}},"100":{"start":{"line":101,"column":0},"end":{"line":101,"column":3}},"103":{"start":{"line":104,"column":0},"end":{"line":104,"column":23}},"104":{"start":{"line":105,"column":0},"end":{"line":105,"column":1}},"112":{"start":{"line":113,"column":0},"end":{"line":113,"column":55}},"113":{"start":{"line":114,"column":0},"end":{"line":114,"column":39}},"116":{"start":{"line":117,"column":0},"end":{"line":117,"column":27}},"117":{"start":{"line":118,"column":0},"end":{"line":118,"column":29}},"118":{"start":{"line":119,"column":0},"end":{"line":119,"column":3}},"121":{"start":{"line":122,"column":0},"end":{"line":122,"column":20}},"122":{"start":{"line":123,"column":0},"end":{"line":123,"column":1}},"129":{"start":{"line":130,"column":0},"end":{"line":130,"column":73}},"130":{"start":{"line":131,"column":0},"end":{"line":131,"column":39}},"133":{"start":{"line":134,"column":0},"end":{"line":134,"column":30}},"134":{"start":{"line":135,"column":0},"end":{"line":135,"column":15}},"135":{"start":{"line":136,"column":0},"end":{"line":136,"column":3}},"138":{"start":{"line":139,"column":0},"end":{"line":139,"column":48}},"139":{"start":{"line":140,"column":0},"end":{"line":140,"column":1}},"146":{"start":{"line":147,"column":0},"end":{"line":147,"column":42}},"147":{"start":{"line":148,"column":0},"end":{"line":148,"column":43}},"148":{"start":{"line":149,"column":0},"end":{"line":149,"column":56}},"149":{"start":{"line":150,"column":0},"end":{"line":150,"column":1}},"156":{"start":{"line":157,"column":0},"end":{"line":157,"column":40}},"160":{"start":{"line":161,"column":0},"end":{"line":161,"column":3}},"161":{"start":{"line":162,"column":0},"end":{"line":162,"column":39}},"162":{"start":{"line":163,"column":0},"end":{"line":163,"column":41}},"165":{"start":{"line":166,"column":0},"end":{"line":166,"column":44}},"166":{"start":{"line":167,"column":0},"end":{"line":167,"column":32}},"167":{"start":{"line":168,"column":0},"end":{"line":168,"column":3}},"170":{"start":{"line":171,"column":0},"end":{"line":171,"column":63}},"172":{"start":{"line":173,"column":0},"end":{"line":173,"column":10}},"173":{"start":{"line":174,"column":0},"end":{"line":174,"column":15}},"174":{"start":{"line":175,"column":0},"end":{"line":175,"column":43}},"175":{"start":{"line":176,"column":0},"end":{"line":176,"column":21}},"176":{"start":{"line":177,"column":0},"end":{"line":177,"column":3}},"177":{"start":{"line":178,"column":0},"end":{"line":178,"column":1}}},"s":{"12":1,"14":1,"33":1,"38":9,"39":9,"40":0,"41":0,"42":9,"43":9,"44":2,"45":2,"46":7,"47":7,"49":9,"50":1,"51":1,"52":1,"53":6,"54":9,"55":0,"56":0,"57":0,"58":9,"63":4,"64":4,"65":4,"66":4,"73":1,"74":4,"75":4,"77":4,"78":4,"79":4,"80":4,"81":4,"82":4,"84":4,"85":4,"86":4,"94":1,"95":6,"98":6,"99":3,"100":3,"103":3,"104":3,"112":1,"113":0,"116":0,"117":0,"118":0,"121":0,"122":0,"129":1,"130":2,"133":2,"134":0,"135":0,"138":2,"139":2,"146":1,"147":3,"148":3,"149":3,"156":1,"160":1,"161":1,"162":1,"165":1,"166":0,"167":0,"170":1,"172":1,"173":1,"174":1,"175":1,"176":1,"177":1},"branchMap":{"0":{"type":"branch","line":39,"loc":{"start":{"line":39,"column":0},"end":{"line":59,"column":1}},"locations":[{"start":{"line":39,"column":0},"end":{"line":59,"column":1}}]},"1":{"type":"branch","line":40,"loc":{"start":{"line":40,"column":37},"end":{"line":42,"column":3}},"locations":[{"start":{"line":40,"column":37},"end":{"line":42,"column":3}}]},"2":{"type":"branch","line":44,"loc":{"start":{"line":44,"column":12},"end":{"line":46,"column":3}},"locations":[{"start":{"line":44,"column":12},"end":{"line":46,"column":3}}]},"3":{"type":"branch","line":46,"loc":{"start":{"line":46,"column":2},"end":{"line":50,"column":85}},"locations":[{"start":{"line":46,"column":2},"end":{"line":50,"column":85}}]},"4":{"type":"branch","line":50,"loc":{"start":{"line":50,"column":85},"end":{"line":53,"column":5}},"locations":[{"start":{"line":50,"column":85},"end":{"line":53,"column":5}}]},"5":{"type":"branch","line":53,"loc":{"start":{"line":53,"column":4},"end":{"line":55,"column":10}},"locations":[{"start":{"line":53,"column":4},"end":{"line":55,"column":10}}]},"6":{"type":"branch","line":55,"loc":{"start":{"line":55,"column":2},"end":{"line":58,"column":3}},"locations":[{"start":{"line":55,"column":2},"end":{"line":58,"column":3}}]},"7":{"type":"branch","line":64,"loc":{"start":{"line":64,"column":0},"end":{"line":67,"column":1}},"locations":[{"start":{"line":64,"column":0},"end":{"line":67,"column":1}}]},"8":{"type":"branch","line":65,"loc":{"start":{"line":65,"column":37},"end":{"line":65,"column":43}},"locations":[{"start":{"line":65,"column":37},"end":{"line":65,"column":43}}]},"9":{"type":"branch","line":74,"loc":{"start":{"line":74,"column":7},"end":{"line":87,"column":1}},"locations":[{"start":{"line":74,"column":7},"end":{"line":87,"column":1}}]},"10":{"type":"branch","line":95,"loc":{"start":{"line":95,"column":7},"end":{"line":105,"column":1}},"locations":[{"start":{"line":95,"column":7},"end":{"line":105,"column":1}}]},"11":{"type":"branch","line":99,"loc":{"start":{"line":99,"column":43},"end":{"line":105,"column":1}},"locations":[{"start":{"line":99,"column":43},"end":{"line":105,"column":1}}]},"12":{"type":"branch","line":130,"loc":{"start":{"line":130,"column":7},"end":{"line":140,"column":1}},"locations":[{"start":{"line":130,"column":7},"end":{"line":140,"column":1}}]},"13":{"type":"branch","line":134,"loc":{"start":{"line":134,"column":29},"end":{"line":136,"column":3}},"locations":[{"start":{"line":134,"column":29},"end":{"line":136,"column":3}}]},"14":{"type":"branch","line":147,"loc":{"start":{"line":147,"column":7},"end":{"line":150,"column":1}},"locations":[{"start":{"line":147,"column":7},"end":{"line":150,"column":1}}]},"15":{"type":"branch","line":148,"loc":{"start":{"line":148,"column":37},"end":{"line":148,"column":43}},"locations":[{"start":{"line":148,"column":37},"end":{"line":148,"column":43}}]},"16":{"type":"branch","line":157,"loc":{"start":{"line":157,"column":7},"end":{"line":178,"column":1}},"locations":[{"start":{"line":157,"column":7},"end":{"line":178,"column":1}}]},"17":{"type":"branch","line":166,"loc":{"start":{"line":166,"column":43},"end":{"line":168,"column":3}},"locations":[{"start":{"line":166,"column":43},"end":{"line":168,"column":3}}]}},"b":{"0":[9],"1":[0],"2":[2],"3":[7],"4":[1],"5":[6],"6":[0],"7":[4],"8":[0],"9":[4],"10":[6],"11":[3],"12":[2],"13":[0],"14":[3],"15":[0],"16":[1],"17":[0]},"fnMap":{"0":{"name":"readVerificationState","decl":{"start":{"line":39,"column":0},"end":{"line":59,"column":1}},"loc":{"start":{"line":39,"column":0},"end":{"line":59,"column":1}},"line":39},"1":{"name":"writeVerificationState","decl":{"start":{"line":64,"column":0},"end":{"line":67,"column":1}},"loc":{"start":{"line":64,"column":0},"end":{"line":67,"column":1}},"line":64},"2":{"name":"lockVerificationState","decl":{"start":{"line":74,"column":7},"end":{"line":87,"column":1}},"loc":{"start":{"line":74,"column":7},"end":{"line":87,"column":1}},"line":74},"3":{"name":"getLockedProfileId","decl":{"start":{"line":95,"column":7},"end":{"line":105,"column":1}},"loc":{"start":{"line":95,"column":7},"end":{"line":105,"column":1}},"line":95},"4":{"name":"getLockedUserId","decl":{"start":{"line":113,"column":7},"end":{"line":123,"column":1}},"loc":{"start":{"line":113,"column":7},"end":{"line":123,"column":1}},"line":113},"5":{"name":"validateChallengeToken","decl":{"start":{"line":130,"column":7},"end":{"line":140,"column":1}},"loc":{"start":{"line":130,"column":7},"end":{"line":140,"column":1}},"line":130},"6":{"name":"clearVerificationState","decl":{"start":{"line":147,"column":7},"end":{"line":150,"column":1}},"loc":{"start":{"line":147,"column":7},"end":{"line":150,"column":1}},"line":147},"7":{"name":"detectSessionChange","decl":{"start":{"line":157,"column":7},"end":{"line":178,"column":1}},"loc":{"start":{"line":157,"column":7},"end":{"line":178,"column":1}},"line":157}},"f":{"0":9,"1":4,"2":4,"3":6,"4":0,"5":2,"6":3,"7":1}}
}
